g:\visual studio 2015\projects\blemishv04\blemishv04\generatedfiles\debug\moc_blemishv04.cpp
g:\visual studio 2015\projects\blemishv04\blemishv04\generatedfiles\qrc_blemishv04.cpp
g:\visual studio 2015\projects\blemishv04\blemishv04\generatedfiles\ui_blemishv04.h
g:\visual studio 2015\projects\blemishv04\blemishv04\debug\blemishv04.obj
g:\visual studio 2015\projects\blemishv04\blemishv04\debug\moc_blemishv04.obj
g:\visual studio 2015\projects\blemishv04\blemishv04\debug\qrc_blemishv04.obj
g:\visual studio 2015\projects\blemishv04\blemishv04\debug\main.obj
g:\visual studio 2015\projects\blemishv04\blemishv04\debug\vc140.pdb
g:\visual studio 2015\projects\blemishv04\blemishv04\debug\ism_test.obj
g:\visual studio 2015\projects\blemishv04\win32\debug\blemishv04.ilk
g:\visual studio 2015\projects\blemishv04\win32\debug\blemishv04.exe
g:\visual studio 2015\projects\blemishv04\win32\debug\blemishv04.pdb
g:\visual studio 2015\projects\blemishv04\blemishv04\.\generatedfiles\debug\moc_blemishv04.cpp
g:\visual studio 2015\projects\blemishv04\blemishv04\.\generatedfiles\qrc_blemishv04.cpp
g:\visual studio 2015\projects\blemishv04\blemishv04\.\generatedfiles\ui_blemishv04.h
g:\visual studio 2015\projects\blemishv04\blemishv04\debug\blemishv04.tlog\blemishv04.write.1u.tlog
g:\visual studio 2015\projects\blemishv04\blemishv04\debug\blemishv04.tlog\cl.command.1.tlog
g:\visual studio 2015\projects\blemishv04\blemishv04\debug\blemishv04.tlog\cl.read.1.tlog
g:\visual studio 2015\projects\blemishv04\blemishv04\debug\blemishv04.tlog\cl.write.1.tlog
g:\visual studio 2015\projects\blemishv04\blemishv04\debug\blemishv04.tlog\link.command.1.tlog
g:\visual studio 2015\projects\blemishv04\blemishv04\debug\blemishv04.tlog\link.read.1.tlog
g:\visual studio 2015\projects\blemishv04\blemishv04\debug\blemishv04.tlog\link.write.1.tlog
g:\visual studio 2015\projects\blemishv04\blemishv04\debug\blemishv04.tlog\qtmoc.read.1u.tlog
g:\visual studio 2015\projects\blemishv04\blemishv04\debug\blemishv04.tlog\qtmoc.write.1u.tlog
g:\visual studio 2015\projects\blemishv04\blemishv04\debug\blemishv04.tlog\qtrcc.read.1u.tlog
g:\visual studio 2015\projects\blemishv04\blemishv04\debug\blemishv04.tlog\qtrcc.write.1u.tlog
g:\visual studio 2015\projects\blemishv04\blemishv04\debug\blemishv04.tlog\qtuic.read.1u.tlog
g:\visual studio 2015\projects\blemishv04\blemishv04\debug\blemishv04.tlog\qtuic.write.1u.tlog
